# JRE version: Java(TM) SE Runtime Environment 18.9 (11.0.9+7) (build 11.0.9+7-LTS)
# Java VM: Java HotSpot(TM) 64-Bit Server VM 18.9 (11.0.9+7-LTS, mixed mode, tiered, compressed oops, g1 gc, windows-amd64)
Heap:
 garbage-first heap   total 260096K, used 79961K [0x0000000702000000, 0x0000000800000000)
  region size 1024K, 74 young (75776K), 7 survivors (7168K)
 Metaspace       used 38751K, capacity 40129K, committed 40444K, reserved 1085440K
  class space    used 4610K, capacity 5146K, committed 5248K, reserved 1048576K
GC Heap History (8 events):
Event: 0.494 GC heap before
{Heap before GC invocations=0 (full 0):
 garbage-first heap   total 260096K, used 23552K [0x0000000702000000, 0x0000000800000000)
  region size 1024K, 24 young (24576K), 0 survivors (0K)
 Metaspace       used 12937K, capacity 13300K, committed 13568K, reserved 1060864K
  class space    used 1344K, capacity 1509K, committed 1536K, reserved 1048576K
}
Event: 0.497 GC heap after
{Heap after GC invocations=1 (full 0):
 garbage-first heap   total 260096K, used 5270K [0x0000000702000000, 0x0000000800000000)
  region size 1024K, 3 young (3072K), 3 survivors (3072K)
 Metaspace       used 12937K, capacity 13300K, committed 13568K, reserved 1060864K
  class space    used 1344K, capacity 1509K, committed 1536K, reserved 1048576K
}
Event: 0.838 GC heap before
{Heap before GC invocations=1 (full 0):
 garbage-first heap   total 260096K, used 42134K [0x0000000702000000, 0x0000000800000000)
  region size 1024K, 40 young (40960K), 3 survivors (3072K)
 Metaspace       used 20657K, capacity 21182K, committed 21296K, reserved 1069056K
  class space    used 2208K, capacity 2413K, committed 2432K, reserved 1048576K
}
Event: 0.842 GC heap after
{Heap after GC invocations=2 (full 0):
 garbage-first heap   total 260096K, used 6886K [0x0000000702000000, 0x0000000800000000)
  region size 1024K, 5 young (5120K), 5 survivors (5120K)
 Metaspace       used 20657K, capacity 21182K, committed 21296K, reserved 1069056K
  class space    used 2208K, capacity 2413K, committed 2432K, reserved 1048576K
}
Event: 1.214 GC heap before
{Heap before GC invocations=3 (full 0):
 garbage-first heap   total 260096K, used 46822K [0x0000000702000000, 0x0000000800000000)
  region size 1024K, 44 young (45056K), 5 survivors (5120K)
 Metaspace       used 27243K, capacity 28171K, committed 28464K, reserved 1075200K
  class space    used 3202K, capacity 3589K, committed 3712K, reserved 1048576K
}
Event: 1.218 GC heap after
{Heap after GC invocations=4 (full 0):
 garbage-first heap   total 260096K, used 8939K [0x0000000702000000, 0x0000000800000000)
  region size 1024K, 4 young (4096K), 4 survivors (4096K)
 Metaspace       used 27243K, capacity 28171K, committed 28464K, reserved 1075200K
  class space    used 3202K, capacity 3589K, committed 3712K, reserved 1048576K
}
Event: 2.222 GC heap before
{Heap before GC invocations=4 (full 0):
 garbage-first heap   total 260096K, used 66283K [0x0000000702000000, 0x0000000800000000)
  region size 1024K, 61 young (62464K), 4 survivors (4096K)
 Metaspace       used 34445K, capacity 35624K, committed 35708K, reserved 1081344K
  class space    used 4094K, capacity 4588K, committed 4608K, reserved 1048576K
}
Event: 2.227 GC heap after
{Heap after GC invocations=5 (full 0):
 garbage-first heap   total 260096K, used 12377K [0x0000000702000000, 0x0000000800000000)
  region size 1024K, 7 young (7168K), 7 survivors (7168K)
 Metaspace       used 34445K, capacity 35624K, committed 35708K, reserved 1081344K
  class space    used 4094K, capacity 4588K, committed 4608K, reserved 1048576K
}

