# JRE version: Java(TM) SE Runtime Environment 18.9 (11.0.9+7) (build 11.0.9+7-LTS)
# Java VM: Java HotSpot(TM) 64-Bit Server VM 18.9 (11.0.9+7-LTS, mixed mode, tiered, compressed oops, g1 gc, windows-amd64)
Heap:
 garbage-first heap   total 260096K, used 56480K [0x0000000702000000, 0x0000000800000000)
  region size 1024K, 51 young (52224K), 4 survivors (4096K)
 Metaspace       used 32553K, capacity 33766K, committed 33920K, reserved 1079296K
  class space    used 3878K, capacity 4378K, committed 4480K, reserved 1048576K
GC Heap History (6 events):
Event: 0.484 GC heap before
{Heap before GC invocations=0 (full 0):
 garbage-first heap   total 260096K, used 23552K [0x0000000702000000, 0x0000000800000000)
  region size 1024K, 24 young (24576K), 0 survivors (0K)
 Metaspace       used 12941K, capacity 13395K, committed 13696K, reserved 1060864K
  class space    used 1345K, capacity 1541K, committed 1664K, reserved 1048576K
}
Event: 0.486 GC heap after
{Heap after GC invocations=1 (full 0):
 garbage-first heap   total 260096K, used 5365K [0x0000000702000000, 0x0000000800000000)
  region size 1024K, 3 young (3072K), 3 survivors (3072K)
 Metaspace       used 12941K, capacity 13395K, committed 13696K, reserved 1060864K
  class space    used 1345K, capacity 1541K, committed 1664K, reserved 1048576K
}
Event: 0.838 GC heap before
{Heap before GC invocations=1 (full 0):
 garbage-first heap   total 260096K, used 43253K [0x0000000702000000, 0x0000000800000000)
  region size 1024K, 41 young (41984K), 3 survivors (3072K)
 Metaspace       used 20656K, capacity 21181K, committed 21296K, reserved 1069056K
  class space    used 2208K, capacity 2413K, committed 2432K, reserved 1048576K
}
Event: 0.842 GC heap after
{Heap after GC invocations=2 (full 0):
 garbage-first heap   total 260096K, used 7060K [0x0000000702000000, 0x0000000800000000)
  region size 1024K, 5 young (5120K), 5 survivors (5120K)
 Metaspace       used 20656K, capacity 21181K, committed 21296K, reserved 1069056K
  class space    used 2208K, capacity 2413K, committed 2432K, reserved 1048576K
}
Event: 1.252 GC heap before
{Heap before GC invocations=3 (full 0):
 garbage-first heap   total 260096K, used 45972K [0x0000000702000000, 0x0000000800000000)
  region size 1024K, 43 young (44032K), 5 survivors (5120K)
 Metaspace       used 27227K, capacity 28170K, committed 28544K, reserved 1075200K
  class space    used 3201K, capacity 3589K, committed 3712K, reserved 1048576K
}
Event: 1.256 GC heap after
{Heap after GC invocations=4 (full 0):
 garbage-first heap   total 260096K, used 9376K [0x0000000702000000, 0x0000000800000000)
  region size 1024K, 4 young (4096K), 4 survivors (4096K)
 Metaspace       used 27227K, capacity 28170K, committed 28544K, reserved 1075200K
  class space    used 3201K, capacity 3589K, committed 3712K, reserved 1048576K
}

